\BOOKMARK [0][-]{chapter.1}{\376\377\000C\000o\000n\000t\000e\000x\000t}{}% 1
\BOOKMARK [1][-]{section.1.1}{\376\377\000L\000i\000m\000b\000a\000j\000u\000l\000\040\000D\000a\000f\000n\000y}{chapter.1}% 2
\BOOKMARK [1][-]{section.1.2}{\376\377\000A\000l\000g\000o\000r\000i\000t\000m\000u\000l\000\040\000G\000r\000e\000e\000d\000y\000\040\000p\000e\000n\000t\000r\000u\000\040\000P\000r\000o\000b\000l\000e\000m\000a\000\040\000B\000a\000n\000c\000n\000o\000t\000e\000l\000o\000r}{chapter.1}% 3
\BOOKMARK [0][-]{chapter.2}{\376\377\000P\000a\000r\000t\000i\000c\000u\000l\000a\000r\000i\000t\001\003\002\033\000i\000\040\000a\000l\000e\000\040\000p\000r\000o\000b\000l\000e\000m\000e\000i\000\040\000a\000l\000e\000s\000e}{}% 4
\BOOKMARK [1][-]{section.2.1}{\376\377\000P\000r\000o\000b\000l\000e\000m\000a\000\040\000B\000a\000n\000c\000n\000o\000t\000e\000l\000o\000r\000\040\000c\000u\000\040\000b\000a\000n\000c\000n\000o\000t\000e\000\040\000p\000u\000t\000e\000r\000i\000\040\000a\000l\000e\000\040\000l\000u\000i\000\040\0002}{chapter.2}% 5
\BOOKMARK [1][-]{section.2.2}{\376\377\000O\000b\000s\000e\000r\000v\000a\002\033\000i\000i}{chapter.2}% 6
\BOOKMARK [0][-]{chapter.3}{\376\377\000V\000e\000r\000i\000f\000i\000c\000a\000r\000e\000a\000\040\000f\000o\000r\000m\000a\000l\001\003\000\040\000a\000\040\000p\000r\000o\000b\000l\000e\000m\000e\000i}{}% 7
\BOOKMARK [1][-]{section.3.1}{\376\377\000I\000m\000p\000l\000e\000m\000e\000n\000t\000a\000r\000e\000a\000\040\000a\000l\000g\000o\000r\000i\000t\000m\000u\000l\000u\000i}{chapter.3}% 8
\BOOKMARK [1][-]{section.3.2}{\376\377\000D\000e\000m\000o\000n\000s\000t\000r\000a\000r\000e\000a\000\040\000o\000p\000t\000i\000m\000a\000l\000i\000t\001\003\002\033\000i\000i}{chapter.3}% 9
\BOOKMARK [2][-]{subsection.3.2.1}{\376\377\000S\000c\000h\000e\000m\000a\000\040\000v\000e\000r\000i\000f\000i\000c\001\003\000r\000i\000i}{section.3.2}% 10
\BOOKMARK [2][-]{subsection.3.2.2}{\376\377\000C\000o\000n\000d\000i\002\033\000i\000i\000\040\000c\000a\000\040\000o\000\040\000s\000o\000l\000u\002\033\000i\000a\000\040\000f\000i\000n\000a\000l\001\003\000\040\000s\001\003\000\040\000f\000i\000e\000\040\000o\000p\000t\000i\000m\001\003}{section.3.2}% 11
\BOOKMARK [1][-]{section.3.3}{\376\377\000P\000a\002\031\000i\000i\000\040\000v\000e\000r\000i\000f\000i\000c\001\003\000r\000i\000i}{chapter.3}% 12
\BOOKMARK [2][-]{subsection.3.3.1}{\376\377\000b\000a\000n\000k\000n\000o\000t\000e\000M\000i\000n\000i\000m\000u\000m}{section.3.3}% 13
\BOOKMARK [2][-]{subsection.3.3.2}{\376\377\000m\000a\000x\000B\000a\000n\000k\000n\000o\000t\000e}{section.3.3}% 14
\BOOKMARK [2][-]{subsection.3.3.3}{\376\377\000b\000a\000n\000k\000n\000o\000t\000e\000M\000a\000x\000i\000m}{section.3.3}% 15
\BOOKMARK [2][-]{subsection.3.3.4}{\376\377\000e\000x\000c\000h\000a\000n\000g\000e\000A\000r\000g\000u\000m\000e\000n\000t}{section.3.3}% 16
\BOOKMARK [2][-]{subsection.3.3.5}{\376\377\000a\000d\000d\000V\000a\000l\000u\000e\000T\000o\000I\000n\000d\000e\000x}{section.3.3}% 17
\BOOKMARK [2][-]{subsection.3.3.6}{\376\377\000U\000l\000t\000i\000m\000u\000l\000\040\000p\000a\000s}{section.3.3}% 18
\BOOKMARK [1][-]{section.3.4}{\376\377\000P\000r\000o\000b\000l\000e\000m\000a\000\040\000b\000a\000n\000c\000n\000o\000t\000e\000i\000\040\000n\000e\000m\001\003\000r\000g\000i\000n\000i\000t\000e\000\040\000s\000u\000p\000e\000r\000i\000o\000r\000,\000\040\0003\0002}{chapter.3}% 19
\BOOKMARK [2][-]{subsection.3.4.1}{\376\377\000b\000a\000n\000k\000n\000o\000t\000e\000M\000a\000x\000i\000m\0003\0002}{section.3.4}% 20
\BOOKMARK [2][-]{subsection.3.4.2}{\376\377\000c\000u\000r\000r\000e\000n\000t\000S\000o\000l\000u\000t\000i\000o\000n\000H\000a\000s\000C\000o\000s\000t\000M\000i\000n}{section.3.4}% 21
\BOOKMARK [2][-]{subsection.3.4.3}{\376\377\000e\000x\000c\000h\000a\000n\000g\000e\000A\000r\000g\000u\000m\000e\000n\000t\0003\0002}{section.3.4}% 22
\BOOKMARK [0][-]{chapter*.2}{\376\377\000C\000o\000n\000c\000l\000u\000z\000i\000i}{}% 23
\BOOKMARK [0][-]{chapter*.3}{\376\377\000B\000i\000b\000l\000i\000o\000g\000r\000a\000f\000i\000e}{}% 24
